<?xml version="1.0"?>
<testsuites>
  <testsuite name="PhantomJS 1.9.8 (Windows 8)" package="" timestamp="2015-05-30T20:06:39" id="0" hostname="danielsalvagni" tests="1" errors="0" failures="0" time="0.02">
    <properties>
      <property name="browser.fullName" value="Mozilla/5.0 (Windows NT 6.2; WOW64) AppleWebKit/534.34 (KHTML, like Gecko) PhantomJS/1.9.8 Safari/534.34"/>
    </properties>
    <testcase name="should module/todo/TodoController be define" time="0.02" classname="PhantomJS 1.9.8 (Windows 8).ModuleLargeApp_todo"/>
    <system-out><![CDATA[
]]></system-out>
    <system-err/>
  </testsuite>
</testsuites>
